[debug] [2025-04-03T03:13:14.376Z] ----------------------------------------------------------------------
[debug] [2025-04-03T03:13:14.381Z] Command:       /Users/soromiso/.nvm/versions/node/v20.15.0/bin/node /Users/soromiso/.nvm/versions/node/v20.15.0/bin/firebase init
[debug] [2025-04-03T03:13:14.382Z] CLI Version:   14.1.0
[debug] [2025-04-03T03:13:14.382Z] Platform:      darwin
[debug] [2025-04-03T03:13:14.382Z] Node Version:  v20.15.0
[debug] [2025-04-03T03:13:14.382Z] Time:          Thu Apr 03 2025 12:13:14 GMT+0900 (Korean Standard Time)
[debug] [2025-04-03T03:13:14.383Z] ----------------------------------------------------------------------
[debug] 
[debug] [2025-04-03T03:13:14.394Z] > command requires scopes: ["email","openid","https://www.googleapis.com/auth/cloudplatformprojects.readonly","https://www.googleapis.com/auth/firebase","https://www.googleapis.com/auth/cloud-platform"]
[debug] [2025-04-03T03:13:14.394Z] > authorizing via signed-in user (soromiso@gmail.com)
[info] 
     ######## #### ########  ######## ########     ###     ######  ########
     ##        ##  ##     ## ##       ##     ##  ##   ##  ##       ##
     ######    ##  ########  ######   ########  #########  ######  ######
     ##        ##  ##    ##  ##       ##     ## ##     ##       ## ##
     ##       #### ##     ## ######## ########  ##     ##  ######  ########

You're about to initialize a Firebase project in this directory:

  /Users/soromiso/Desktop/macDeskTop/GitHubForSoro/jsEx/HomeCare

[info] 
=== Project Setup
[info] 
[info] First, let's associate this project directory with a Firebase project.
[info] You can create multiple project aliases by running firebase use --add, 
[info] but for now we'll just set up a default project.
[info] 
[debug] [2025-04-03T03:13:24.253Z] Checked if tokens are valid: false, expires at: 1743643610208
[debug] [2025-04-03T03:13:24.253Z] Checked if tokens are valid: false, expires at: 1743643610208
[debug] [2025-04-03T03:13:24.253Z] > refreshing access token with scopes: []
[debug] [2025-04-03T03:13:24.256Z] >>> [apiv2][query] POST https://www.googleapis.com/oauth2/v3/token [none]
[debug] [2025-04-03T03:13:24.257Z] >>> [apiv2][body] POST https://www.googleapis.com/oauth2/v3/token [omitted]
[debug] [2025-04-03T03:13:24.617Z] <<< [apiv2][status] POST https://www.googleapis.com/oauth2/v3/token 200
[debug] [2025-04-03T03:13:24.617Z] <<< [apiv2][body] POST https://www.googleapis.com/oauth2/v3/token [omitted]
[debug] [2025-04-03T03:13:24.664Z] >>> [apiv2][query] GET https://firebase.googleapis.com/v1beta1/projects pageSize=100
[debug] [2025-04-03T03:13:25.548Z] <<< [apiv2][status] GET https://firebase.googleapis.com/v1beta1/projects 200
[debug] [2025-04-03T03:13:25.549Z] <<< [apiv2][body] GET https://firebase.googleapis.com/v1beta1/projects [omitted]
[info] i  Using project homecare-b12c6 (HomeCare) 
[info] 
=== Hosting Setup
[debug] [2025-04-03T03:13:32.485Z] Checked if tokens are valid: true, expires at: 1743653603617
[debug] [2025-04-03T03:13:32.485Z] Checked if tokens are valid: true, expires at: 1743653603617
[debug] [2025-04-03T03:13:32.486Z] >>> [apiv2][query] GET https://firebase.googleapis.com/v1beta1/projects/homecare-b12c6 [none]
[debug] [2025-04-03T03:13:32.987Z] <<< [apiv2][status] GET https://firebase.googleapis.com/v1beta1/projects/homecare-b12c6 200
[debug] [2025-04-03T03:13:32.987Z] <<< [apiv2][body] GET https://firebase.googleapis.com/v1beta1/projects/homecare-b12c6 {"projectId":"homecare-b12c6","projectNumber":"909766794827","displayName":"HomeCare","name":"projects/homecare-b12c6","resources":{"hostingSite":"homecare-b12c6"},"state":"ACTIVE","etag":"1_d163086d-4344-4fc0-85d4-18fff948c4bd"}
[info] 
[info] Your public directory is the folder (relative to your project directory) that
[info] will contain Hosting assets to be uploaded with firebase deploy. If you
[info] have a build process for your assets, use your build's output directory.
[info] 
